<?xml version="1.0" encoding="UTF-8"?>
<!-- Generated by org.testng.reporters.JUnitReportReporter -->
<testsuite hostname="knoldus-Latitude-3520" failures="0" tests="1" name="SeleniumTests" time="4.350" errors="0" timestamp="2023-03-26T19:51:19 IST" skipped="0">
  <testcase classname="SeleniumTests" name="openUrl" time="4.350"/>
  <system-out/>
</testsuite> <!-- SeleniumTests -->
